proguard-project.txt
# To enable ProGuard in your project, edit project.properties
# to define the proguard.config property as described in that file.
#
# Add project specific ProGuard rules here.
# By default, the flags in this file are appended to flags specified
# in ${sdk.dir}/tools/proguard/proguard-android.txt
# You can edit the include path and order by changing the ProGuard
# include property in project.properties.
#
# For more details, see
#   http://developer.android.com/guide/developing/tools/proguard.html

# Add any project specific keep options here:
-dontshrink
-dontoptimize
-dontwarn com.google.android.maps.**
-dontwarn android.webkit.WebView
-dontwarn com.umeng.**
-dontwarn com.tencent.weibo.sdk.**
-dontwarn com.facebook.**

-keep enum com.facebook.**
-keepattributes Exceptions,InnerClasses,Signature
-keepattributes *Annotation*
-keepattributes SourceFile,LineNumberTable

-keep public interface com.facebook.**
-keep public interface com.tencent.**
-keep public interface com.umeng.socialize.**
-keep public interface com.umeng.socialize.sensor.**
-keep public interface com.umeng.scrshot.**

-keep public class com.umeng.socialize.* {*;}
-keep public class javax.**
-keep public class android.webkit.**

-keep class com.facebook.**
-keep class com.umeng.scrshot.**
-keep public class com.tencent.** {*;}
-keep class com.umeng.socialize.sensor.**

-keep class com.tencent.mm.sdk.modelmsg.WXMediaMessage {*;}

-keep class com.tencent.mm.sdk.modelmsg.** implements com.tencent.mm.sdk.modelmsg.WXMediaMessage$IMediaObject {*;}
-keep class cn.jpush.android.** {*;}
-keep class android.support.v4.**{*;}
-keep class com.alibaba.fastjson.**{*;}

-keep public class [your_pkg].R$*{
    public static final int *;
}

-keep class com.allen.itouzi.activity.MainActivity
-keep class com.allen.itouzi.activity.HomeFragment
-keep class com.allen.itouzi.activity.HomeWebActivity
-keep class com.allen.itouzi.activity.ProjectFragment
-keep class com.allen.itouzi.activity.WebActivity
-keep class com.allen.itouzi.activity.ChartFragment
-keep class com.allen.itouzi.activity.ChartFragment$*
-keep class com.allen.itouzi.activity.UserFragment
-keep class com.allen.itouzi.activity.UserFragment$*
-keep class com.allen.itouzi.engine.**{*;}
-keep class com.allen.itouzi.bean.**{*;}
-keep class com.allen.itouzi.utils.DeviceInfoUtil
-keep class com.allen.itouzi.utils.ValueUtil
-keep class com.allen.itouzi.view.**{*;}
-keep class * extends android.os.Handler
-keep class * extends android.os.AsyncTask


-keepclassmembers class * implements java.io.Serializable{
*;}
 #自定义控件不混淆
-keepclasseswithmembers class * {                                               
    public <init>(android.content.Context, android.util.AttributeSet);
}
-keepclasseswithmembers class * {
    public <init>(android.content.Context, android.util.AttributeSet, int);     
}
-keepclasseswithmembers class * {
    void onClick*(...);
}
-keepnames class com.AnywayAds.Mini$* {
    public <fields>;
    public <methods>;
}
-keepclassmembers class * {
 public final static  <fields>;
        public static <fields>;
        private static <fields>;
        public static  <methods>;
}
-keepattributes Exceptions,InnerClasses,Signature,Deprecated,
                SourceFile,LineNumberTable,*Annotation*,EnclosingMethod
# If your project uses WebView with JS, uncomment the following
# and specify the fully qualified class name to the JavaScript interface
# class:
#-keepclassmembers class fqcn.of.javascript.interface.for.webview {
#   public *;
#}