proguard/seeds.txt
com.allen.itouzi.BuildConfig: boolean DEBUG
com.allen.itouzi.Manifest$permission: java.lang.String JPUSH_MESSAGE
com.allen.itouzi.R$anim: int abc_fade_in
com.allen.itouzi.R$anim: int abc_fade_out
com.allen.itouzi.R$anim: int abc_slide_in_bottom
com.allen.itouzi.R$anim: int abc_slide_in_top
com.allen.itouzi.R$anim: int abc_slide_out_bottom
com.allen.itouzi.R$anim: int abc_slide_out_top
com.allen.itouzi.R$anim: int umeng_fb_slide_in_from_left
com.allen.itouzi.R$anim: int umeng_fb_slide_in_from_right
com.allen.itouzi.R$anim: int umeng_fb_slide_out_from_left
com.allen.itouzi.R$anim: int umeng_fb_slide_out_from_right
com.allen.itouzi.R$anim: int umeng_socialize_fade_in
com.allen.itouzi.R$anim: int umeng_socialize_fade_out
com.allen.itouzi.R$anim: int umeng_socialize_shareboard_animation_in
com.allen.itouzi.R$anim: int umeng_socialize_shareboard_animation_out
com.allen.itouzi.R$anim: int umeng_socialize_slide_in_from_bottom
com.allen.itouzi.R$anim: int umeng_socialize_slide_out_from_bottom
com.allen.itouzi.R$attr: int actionBarDivider
com.allen.itouzi.R$attr: int actionBarItemBackground
com.allen.itouzi.R$attr: int actionBarSize
com.allen.itouzi.R$attr: int actionBarSplitStyle
com.allen.itouzi.R$attr: int actionBarStyle
com.allen.itouzi.R$attr: int actionBarTabBarStyle
com.allen.itouzi.R$attr: int actionBarTabStyle
com.allen.itouzi.R$attr: int actionBarTabTextStyle
com.allen.itouzi.R$attr: int actionBarWidgetTheme
com.allen.itouzi.R$attr: int actionButtonStyle
com.allen.itouzi.R$attr: int actionDropDownStyle
com.allen.itouzi.R$attr: int actionLayout
com.allen.itouzi.R$attr: int actionMenuTextAppearance
com.allen.itouzi.R$attr: int actionMenuTextColor
com.allen.itouzi.R$attr: int actionModeBackground
com.allen.itouzi.R$attr: int actionModeCloseButtonStyle
com.allen.itouzi.R$attr: int actionModeCloseDrawable
com.allen.itouzi.R$attr: int actionModeCopyDrawable
com.allen.itouzi.R$attr: int actionModeCutDrawable
com.allen.itouzi.R$attr: int actionModeFindDrawable
com.allen.itouzi.R$attr: int actionModePasteDrawable
com.allen.itouzi.R$attr: int actionModePopupWindowStyle
com.allen.itouzi.R$attr: int actionModeSelectAllDrawable
com.allen.itouzi.R$attr: int actionModeShareDrawable
com.allen.itouzi.R$attr: int actionModeSplitBackground
com.allen.itouzi.R$attr: int actionModeStyle
com.allen.itouzi.R$attr: int actionModeWebSearchDrawable
com.allen.itouzi.R$attr: int actionOverflowButtonStyle
com.allen.itouzi.R$attr: int actionProviderClass
com.allen.itouzi.R$bool: int abc_action_bar_embed_tabs_pre_jb
com.allen.itouzi.R$bool: int abc_action_bar_expanded_action_views_exclusive
com.allen.itouzi.R$bool: int abc_config_actionMenuItemAllCaps
com.allen.itouzi.R$bool: int abc_config_allowActionMenuItemTextWithIcon
com.allen.itouzi.R$bool: int abc_config_showMenuShortcutsWhenKeyboardPresent
com.allen.itouzi.R$bool: int abc_split_action_bar_is_narrow
...
com.umeng.socialize.sso.SmsHandler$1
com.umeng.socialize.sso.SmsHandler$1: void onClick(android.content.Context,com.umeng.socialize.bean.SocializeEntity,com.umeng.socialize.controller.listener.SocializeListeners$SnsPostListener)
com.umeng.socialize.sso.UMQQSsoHandler: java.lang.String TAG
com.umeng.socialize.sso.UMSsoHandler: java.lang.String TAG
com.umeng.socialize.sso.UMSsoHandler: java.lang.String APPKEY
com.umeng.socialize.sso.UMSsoHandler: java.lang.String APPSECRET
com.umeng.socialize.sso.UMSsoHandler: java.lang.String SECRET_KEY
com.umeng.socialize.sso.UMSsoHandler: com.umeng.socialize.bean.SocializeEntity mEntity
com.umeng.socialize.sso.UMTencentSsoHandler: java.lang.String TAG
com.umeng.socialize.sso.UMTencentSsoHandler: java.lang.String PUBLIC_ACCOUNT
com.umeng.socialize.sso.UMTencentSsoHandler$1
com.umeng.socialize.sso.UMTencentSsoHandler$1: void onClick(android.content.Context,com.umeng.socialize.bean.SocializeEntity,com.umeng.socialize.controller.listener.SocializeListeners$SnsPostListener)
com.umeng.socialize.sso.UMTencentSsoHandler$ObtainAppIdListener
com.umeng.socialize.sso.UMTencentSsoHandler$ObtainImageUrlListener
com.umeng.socialize.sso.a
com.umeng.socialize.sso.a: void onClick(android.content.Context,com.umeng.socialize.bean.SocializeEntity,com.umeng.socialize.controller.listener.SocializeListeners$SnsPostListener)
com.umeng.socialize.utils.BitmapUtils: java.lang.String FOLDER
com.umeng.socialize.utils.BitmapUtils: java.lang.String PATH
com.umeng.socialize.utils.BitmapUtils: int COMPRESS_FLAG
com.umeng.socialize.utils.BitmapUtils: java.lang.String TAG
com.umeng.socialize.utils.BitmapUtils: int MB
com.umeng.socialize.utils.BitmapUtils: int FREE_SD_SPACE
com.umeng.socialize.utils.BitmapUtils: int CACHE_SIZE
com.umeng.socialize.utils.BitmapUtils: void init()
com.umeng.socialize.utils.BitmapUtils: android.graphics.Bitmap loadImage(java.lang.String,int,int)
com.umeng.socialize.utils.BitmapUtils: boolean isFileExist(java.lang.String)
com.umeng.socialize.utils.BitmapUtils: boolean isNeedScale(java.lang.String,int)
com.umeng.socialize.utils.BitmapUtils: android.graphics.Bitmap getBitmapFromFile(java.lang.String)
com.umeng.socialize.utils.BitmapUtils: android.graphics.Bitmap getBitmapFromFile(java.lang.String,int,int)
com.umeng.socialize.utils.BitmapUtils: void saveBitmap(java.lang.String,android.graphics.Bitmap)
com.umeng.socialize.utils.BitmapUtils: java.lang.String getFileName(java.lang.String)
com.umeng.socialize.utils.BitmapUtils: byte[] bitmap2Bytes(android.graphics.Bitmap)
com.umeng.socialize.utils.BitmapUtils: android.graphics.BitmapFactory$Options getBitmapOptions(byte[])
com.umeng.socialize.utils.BitmapUtils: void cleanCache()