proguard/mapping.txt
com.allen.itouzi.BuildConfig -> com.allen.itouzi.a:
    boolean DEBUG -> DEBUG
com.allen.itouzi.Manifest -> com.allen.itouzi.b:
com.allen.itouzi.Manifest$permission -> com.allen.itouzi.b$a:
    java.lang.String JPUSH_MESSAGE -> JPUSH_MESSAGE
com.allen.itouzi.R -> com.allen.itouzi.c:
com.allen.itouzi.R$anim -> com.allen.itouzi.c$a:
    int abc_fade_in -> abc_fade_in
    int abc_fade_out -> abc_fade_out
    int abc_slide_in_bottom -> abc_slide_in_bottom
    int abc_slide_in_top -> abc_slide_in_top
    int abc_slide_out_bottom -> abc_slide_out_bottom
    int abc_slide_out_top -> abc_slide_out_top
    int umeng_fb_slide_in_from_left -> umeng_fb_slide_in_from_left
    int umeng_fb_slide_in_from_right -> umeng_fb_slide_in_from_right
    int umeng_fb_slide_out_from_left -> umeng_fb_slide_out_from_left
    int umeng_fb_slide_out_from_right -> umeng_fb_slide_out_from_right
    int umeng_socialize_fade_in -> umeng_socialize_fade_in
    int umeng_socialize_fade_out -> umeng_socialize_fade_out
    int umeng_socialize_shareboard_animation_in -> umeng_socialize_shareboard_animation_in
    int umeng_socialize_shareboard_animation_out -> umeng_socialize_shareboard_animation_out
    int umeng_socialize_slide_in_from_bottom -> umeng_socialize_slide_in_from_bottom
    int umeng_socialize_slide_out_from_bottom -> umeng_socialize_slide_out_from_bottom
com.allen.itouzi.R$attr -> com.allen.itouzi.c$b:
    int actionBarDivider -> actionBarDivider
    int actionBarItemBackground -> actionBarItemBackground
    int actionBarSize -> actionBarSize
    int actionBarSplitStyle -> actionBarSplitStyle
    int actionBarStyle -> actionBarStyle
    int actionBarTabBarStyle -> actionBarTabBarStyle
    int actionBarTabStyle -> actionBarTabStyle
    int actionBarTabTextStyle -> actionBarTabTextStyle
    int actionBarWidgetTheme -> actionBarWidgetTheme
    int actionButtonStyle -> actionButtonStyle
    int actionDropDownStyle -> actionDropDownStyle
    int actionLayout -> actionLayout
    int actionMenuTextAppearance -> actionMenuTextAppearance
    int actionMenuTextColor -> actionMenuTextColor
    int actionModeBackground -> actionModeBackground
    int actionModeCloseButtonStyle -> actionModeCloseButtonStyle
    int actionModeCloseDrawable -> actionModeCloseDrawable
    int actionModeCopyDrawable -> actionModeCopyDrawable
    int actionModeCutDrawable -> actionModeCutDrawable
    int actionModeFindDrawable -> actionModeFindDrawable
    int actionModePasteDrawable -> actionModePasteDrawable
    int actionModePopupWindowStyle -> actionModePopupWindowStyle
    int actionModeSelectAllDrawable -> actionModeSelectAllDrawable
    int actionModeShareDrawable -> actionModeShareDrawable
    int actionModeSplitBackground -> actionModeSplitBackground
    int actionModeStyle -> actionModeStyle
com.allen.itouzi.R$bool -> com.allen.itouzi.c$c:
    int abc_action_bar_embed_tabs_pre_jb -> abc_action_bar_embed_tabs_pre_jb
    int abc_action_bar_expanded_action_views_exclusive -> abc_action_bar_expanded_action_views_exclusive
    int abc_config_actionMenuItemAllCaps -> abc_config_actionMenuItemAllCaps
    int abc_config_allowActionMenuItemTextWithIcon -> abc_config_allowActionMenuItemTextWithIcon
    int abc_config_showMenuShortcutsWhenKeyboardPresent -> abc_config_showMenuShortcutsWhenKeyboardPresent
    int abc_split_action_bar_is_narrow -> abc_split_action_bar_is_narrow
...
android.support.v7.widget.SearchView$AutoCompleteTextViewReflector -> android.support.v7.widget.SearchView$a:
    java.lang.reflect.Method doBeforeTextChanged -> a
    java.lang.reflect.Method doAfterTextChanged -> b
    java.lang.reflect.Method ensureImeVisible -> c
    java.lang.reflect.Method showSoftInputUnchecked -> d
    1743:1749:void doBeforeTextChanged(android.widget.AutoCompleteTextView) -> a
    1752:1758:void doAfterTextChanged(android.widget.AutoCompleteTextView) -> b
    1761:1767:void ensureImeVisible(android.widget.AutoCompleteTextView,boolean) -> a
    1770:1780:void showSoftInputUnchecked(android.view.inputmethod.InputMethodManager,android.view.View,int) -> a
android.support.v7.widget.SearchView$OnCloseListener -> android.support.v7.widget.SearchView$b:
    boolean onClose() -> a
android.support.v7.widget.SearchView$OnQueryTextListener -> android.support.v7.widget.SearchView$c:
    boolean onQueryTextSubmit(java.lang.String) -> a
    boolean onQueryTextChange(java.lang.String) -> b
android.support.v7.widget.SearchView$OnSuggestionListener -> android.support.v7.widget.SearchView$d:
    boolean onSuggestionSelect(int) -> a
    boolean onSuggestionClick(int) -> b
android.support.v7.widget.SearchView$SearchAutoComplete -> android.support.v7.widget.SearchView$SearchAutoComplete:
    int mThreshold -> a
    android.support.v7.widget.SearchView mSearchView -> b
    1610:1611:void setSearchView(android.support.v7.widget.SearchView) -> setSearchView
    1615:1617:void setThreshold(int) -> setThreshold
    1623:1623:boolean isEmpty() -> a
    1632:1632:void replaceText(java.lang.CharSequence) -> replaceText
    1642:1642:void performCompletion() -> performCompletion
    1650:1662:void onWindowFocusChanged(boolean) -> onWindowFocusChanged
    1666:1668:void onFocusChanged(boolean,int,android.graphics.Rect) -> onFocusChanged
    1676:1676:boolean enoughToFilter() -> enoughToFilter
    1681:1702:boolean onKeyPreIme(int,android.view.KeyEvent) -> onKeyPreIme
    1589:1589:boolean access$1600(android.support.v7.widget.SearchView$SearchAutoComplete) -> a
android.support.v7.widget.ShareActionProvider -> android.support.v7.widget.b:
    int DEFAULT_INITIAL_ACTIVITY_COUNT -> DEFAULT_INITIAL_ACTIVITY_COUNT
    int mMaxShownActivityCount -> a
    android.support.v7.widget.ShareActionProvider$ShareMenuItemOnMenuItemClickListener mOnMenuItemClickListener -> b
    java.lang.String DEFAULT_SHARE_HISTORY_FILE_NAME -> DEFAULT_SHARE_HISTORY_FILE_NAME
    android.content.Context mContext -> c
    java.lang.String mShareHistoryFileName -> d
    android.support.v7.widget.ShareActionProvider$OnShareTargetSelectedListener mOnShareTargetSelectedListener -> e
    android.support.v7.internal.widget.ActivityChooserModel$OnChooseActivityListener mOnChooseActivityListener -> f
    170:172:void setOnShareTargetSelectedListener(android.support.v7.widget.ShareActionProvider$OnShareTargetSelectedListener) -> a
    180:197:android.view.View onCreateActionView() -> onCreateActionView
    205:205:boolean hasSubMenu() -> hasSubMenu
    214:242:void onPrepareSubMenu(android.view.SubMenu) -> onPrepareSubMenu
    276:278:void setShareHistoryFileName(java.lang.String) -> a
    300:303:void setShareIntent(android.content.Intent) -> a
    328:336:void setActivityChooserPolicyIfNeeded() -> a
    85:85:android.content.Context access$100(android.support.v7.widget.ShareActionProvider) -> a
    85:85:java.lang.String access$200(android.support.v7.widget.ShareActionProvider) -> b
android.support.v7.widget.ShareActionProvider$1 -> android.support.v7.widget.b$1:
android.support.v7.widget.ShareActionProvider$OnShareTargetSelectedListener -> android.support.v7.widget.b$a:
    boolean onShareTargetSelected(android.support.v7.widget.ShareActionProvider,android.content.Intent) -> a